<?xml version="1.0" encoding="utf-8"?><testsuites name="pytest tests"><testsuite name="pytest" errors="0" failures="0" skipped="0" tests="7" time="16.206" timestamp="2026-07-18T17:33:45.775592+00:00" hostname="agent-env-8d25b44e-827a-42b3-bcaf-347b5b555d58"><testcase classname="backend.tests.test_iptv_api.TestStatus" name="test_source_status" time="0.281" /><testcase classname="backend.tests.test_iptv_api.TestChannels" name="test_channels_list" time="0.134" /><testcase classname="backend.tests.test_iptv_api.TestGuide" name="test_guide_24h" time="0.548" /><testcase classname="backend.tests.test_iptv_api.TestSearch" name="test_search_espn" time="0.103" /><testcase classname="backend.tests.test_iptv_api.TestRefresh" name="test_force_refresh" time="7.612" /><testcase classname="backend.tests.test_iptv_api.TestRefresh" name="test_refresh_updates_timestamp_and_status_reflects_it" time="7.405" /><testcase classname="backend.tests.test_iptv_api.TestSettings" name="test_get_settings" time="0.060" /></testsuite></testsuites>