<?xml version="1.0" encoding="utf-8"?><testsuites name="pytest tests"><testsuite name="pytest" errors="0" failures="0" skipped="0" tests="6" time="6.826" timestamp="2026-07-18T17:11:25.459042+00:00" hostname="agent-env-8d25b44e-827a-42b3-bcaf-347b5b555d58"><testcase classname="backend.tests.test_iptv_api.TestStatus" name="test_source_status" time="0.287" /><testcase classname="backend.tests.test_iptv_api.TestChannels" name="test_channels_list" time="0.140" /><testcase classname="backend.tests.test_iptv_api.TestGuide" name="test_guide_24h" time="0.536" /><testcase classname="backend.tests.test_iptv_api.TestSearch" name="test_search_espn" time="0.100" /><testcase classname="backend.tests.test_iptv_api.TestRefresh" name="test_force_refresh" time="5.652" /><testcase classname="backend.tests.test_iptv_api.TestSettings" name="test_get_settings" time="0.051" /></testsuite></testsuites>